<?xml version="1.0" encoding="UTF-8"?>
<!-- Generated by org.testng.reporters.JUnitXMLReporter -->
<testsuite ignored="0" hostname="Raghu" failures="0" tests="3" name="Default test" time="58.771" errors="0" timestamp="13 Mar 2020 11:01:09 GMT">
  <testcase classname="com.freecrm.qa.testpages.HomePageTest" name="validateHomePageTitleTest" time="0.031"/>
  <testcase classname="com.freecrm.qa.testpages.HomePageTest" name="verifyUserNameTest" time="4.179"/>
  <testcase classname="com.freecrm.qa.testpages.HomePageTest" name="verifyContactsLinkTest" time="5.004"/>
</testsuite> <!-- Default test -->
