<?xml version="1.0" encoding="UTF-8"?>
<testng-results ignored="0" total="3" passed="3" failed="0" skipped="0">
  <reporter-output>
  </reporter-output>
  <suite started-at="2020-03-13T11:00:11Z" name="Default suite" finished-at="2020-03-13T11:01:09Z" duration-ms="58771">
    <groups>
    </groups>
    <test started-at="2020-03-13T11:00:11Z" name="Default test" finished-at="2020-03-13T11:01:09Z" duration-ms="58771">
      <class name="com.freecrm.qa.testpages.HomePageTest">
        <test-method is-config="true" signature="setUp()[pri:0, instance:com.freecrm.qa.testpages.HomePageTest@424e1977]" started-at="2020-03-13T11:00:11Z" name="setUp" finished-at="2020-03-13T11:00:28Z" duration-ms="17723" status="PASS">
          <reporter-output>
          </reporter-output>
        </test-method> <!-- setUp -->
        <test-method signature="validateHomePageTitleTest()[pri:0, instance:com.freecrm.qa.testpages.HomePageTest@424e1977]" started-at="2020-03-13T11:00:28Z" name="validateHomePageTitleTest" finished-at="2020-03-13T11:00:28Z" duration-ms="31" status="PASS">
          <reporter-output>
          </reporter-output>
        </test-method> <!-- validateHomePageTitleTest -->
        <test-method is-config="true" signature="quit()[pri:0, instance:com.freecrm.qa.testpages.HomePageTest@424e1977]" started-at="2020-03-13T11:00:28Z" name="quit" finished-at="2020-03-13T11:00:30Z" duration-ms="1396" status="PASS">
          <reporter-output>
          </reporter-output>
        </test-method> <!-- quit -->
        <test-method is-config="true" signature="setUp()[pri:0, instance:com.freecrm.qa.testpages.HomePageTest@424e1977]" started-at="2020-03-13T11:00:30Z" name="setUp" finished-at="2020-03-13T11:00:43Z" duration-ms="13372" status="PASS">
          <reporter-output>
          </reporter-output>
        </test-method> <!-- setUp -->
        <test-method signature="verifyUserNameTest()[pri:1, instance:com.freecrm.qa.testpages.HomePageTest@424e1977]" started-at="2020-03-13T11:00:43Z" name="verifyUserNameTest" finished-at="2020-03-13T11:00:47Z" duration-ms="4179" status="PASS">
          <reporter-output>
          </reporter-output>
        </test-method> <!-- verifyUserNameTest -->
        <test-method is-config="true" signature="quit()[pri:0, instance:com.freecrm.qa.testpages.HomePageTest@424e1977]" started-at="2020-03-13T11:00:47Z" name="quit" finished-at="2020-03-13T11:00:49Z" duration-ms="1192" status="PASS">
          <reporter-output>
          </reporter-output>
        </test-method> <!-- quit -->
        <test-method is-config="true" signature="setUp()[pri:0, instance:com.freecrm.qa.testpages.HomePageTest@424e1977]" started-at="2020-03-13T11:00:49Z" name="setUp" finished-at="2020-03-13T11:01:03Z" duration-ms="14804" status="PASS">
          <reporter-output>
          </reporter-output>
        </test-method> <!-- setUp -->
        <test-method signature="verifyContactsLinkTest()[pri:2, instance:com.freecrm.qa.testpages.HomePageTest@424e1977]" started-at="2020-03-13T11:01:03Z" name="verifyContactsLinkTest" finished-at="2020-03-13T11:01:08Z" duration-ms="5004" status="PASS">
          <reporter-output>
          </reporter-output>
        </test-method> <!-- verifyContactsLinkTest -->
        <test-method is-config="true" signature="quit()[pri:0, instance:com.freecrm.qa.testpages.HomePageTest@424e1977]" started-at="2020-03-13T11:01:08Z" name="quit" finished-at="2020-03-13T11:01:09Z" duration-ms="931" status="PASS">
          <reporter-output>
          </reporter-output>
        </test-method> <!-- quit -->
      </class> <!-- com.freecrm.qa.testpages.HomePageTest -->
    </test> <!-- Default test -->
  </suite> <!-- Default suite -->
</testng-results>
